2025/03/19 16:31:44 [notice] 1#1: using the "epoll" event method
2025/03/19 16:31:44 [notice] 1#1: nginx/1.27.4
2025/03/19 16:31:44 [notice] 1#1: built by gcc 12.2.0 (Debian 12.2.0-14) 
2025/03/19 16:31:44 [notice] 1#1: OS: Linux 5.15.167.4-microsoft-standard-WSL2
2025/03/19 16:31:44 [notice] 1#1: getrlimit(RLIMIT_NOFILE): 1048576:1048576
2025/03/19 16:31:44 [notice] 1#1: start worker processes
2025/03/19 16:31:44 [notice] 1#1: start worker process 28
2025/03/19 16:31:44 [notice] 1#1: start worker process 29
2025/03/19 16:31:44 [notice] 1#1: start worker process 30
2025/03/19 16:31:44 [notice] 1#1: start worker process 31
2025/03/19 16:31:44 [notice] 1#1: start worker process 32
2025/03/19 16:31:44 [notice] 1#1: start worker process 33
2025/03/19 16:31:44 [notice] 1#1: start worker process 34
2025/03/19 16:31:44 [notice] 1#1: start worker process 35
2025/03/19 16:31:44 [notice] 1#1: start worker process 36
2025/03/19 16:31:44 [notice] 1#1: start worker process 37
2025/03/19 16:31:44 [notice] 1#1: start worker process 38
2025/03/19 16:31:44 [notice] 1#1: start worker process 39
2025/03/19 16:31:44 [notice] 1#1: start worker process 40
2025/03/19 16:31:44 [notice] 1#1: start worker process 41
2025/03/19 16:31:44 [notice] 1#1: start worker process 42
2025/03/19 16:31:44 [notice] 1#1: start worker process 43
2025/03/19 16:31:44 [notice] 1#1: start worker process 44
2025/03/19 16:31:44 [notice] 1#1: start worker process 45
2025/03/19 16:31:44 [notice] 1#1: start worker process 46
2025/03/19 16:31:44 [notice] 1#1: start worker process 47
2025/03/19 16:32:07 [notice] 1#1: signal 3 (SIGQUIT) received, shutting down
2025/03/19 16:32:07 [notice] 29#29: gracefully shutting down
2025/03/19 16:32:07 [notice] 28#28: gracefully shutting down
2025/03/19 16:32:07 [notice] 30#30: gracefully shutting down
2025/03/19 16:32:07 [notice] 32#32: gracefully shutting down
2025/03/19 16:32:07 [notice] 35#35: gracefully shutting down
2025/03/19 16:32:07 [notice] 37#37: gracefully shutting down
2025/03/19 16:32:07 [notice] 31#31: gracefully shutting down
2025/03/19 16:32:07 [notice] 34#34: gracefully shutting down
2025/03/19 16:32:07 [notice] 33#33: gracefully shutting down
2025/03/19 16:32:07 [notice] 38#38: gracefully shutting down
2025/03/19 16:32:07 [notice] 41#41: gracefully shutting down
2025/03/19 16:32:07 [notice] 39#39: gracefully shutting down
2025/03/19 16:32:07 [notice] 36#36: gracefully shutting down
2025/03/19 16:32:07 [notice] 40#40: gracefully shutting down
2025/03/19 16:32:07 [notice] 46#46: gracefully shutting down
2025/03/19 16:32:07 [notice] 44#44: gracefully shutting down
2025/03/19 16:32:07 [notice] 44#44: exiting
2025/03/19 16:32:07 [notice] 45#45: gracefully shutting down
2025/03/19 16:32:07 [notice] 43#43: gracefully shutting down
2025/03/19 16:32:07 [notice] 47#47: gracefully shutting down
2025/03/19 16:32:07 [notice] 42#42: gracefully shutting down
2025/03/19 16:32:07 [notice] 29#29: exiting
2025/03/19 16:32:07 [notice] 28#28: exiting
2025/03/19 16:32:07 [notice] 30#30: exiting
2025/03/19 16:32:07 [notice] 32#32: exiting
2025/03/19 16:32:07 [notice] 35#35: exiting
2025/03/19 16:32:07 [notice] 37#37: exiting
2025/03/19 16:32:07 [notice] 31#31: exiting
2025/03/19 16:32:07 [notice] 34#34: exiting
2025/03/19 16:32:07 [notice] 33#33: exiting
2025/03/19 16:32:07 [notice] 38#38: exiting
2025/03/19 16:32:07 [notice] 41#41: exiting
2025/03/19 16:32:07 [notice] 39#39: exiting
2025/03/19 16:32:07 [notice] 39#39: exit
2025/03/19 16:32:07 [notice] 36#36: exiting
2025/03/19 16:32:07 [notice] 36#36: exit
2025/03/19 16:32:07 [notice] 40#40: exiting
2025/03/19 16:32:07 [notice] 46#46: exiting
2025/03/19 16:32:07 [notice] 44#44: exit
2025/03/19 16:32:07 [notice] 45#45: exiting
2025/03/19 16:32:07 [notice] 43#43: exiting
2025/03/19 16:32:07 [notice] 47#47: exiting
2025/03/19 16:32:07 [notice] 42#42: exiting
2025/03/19 16:32:07 [notice] 29#29: exit
2025/03/19 16:32:07 [notice] 28#28: exit
2025/03/19 16:32:07 [notice] 30#30: exit
2025/03/19 16:32:07 [notice] 32#32: exit
2025/03/19 16:32:07 [notice] 35#35: exit
2025/03/19 16:32:07 [notice] 37#37: exit
2025/03/19 16:32:07 [notice] 31#31: exit
2025/03/19 16:32:07 [notice] 34#34: exit
2025/03/19 16:32:07 [notice] 33#33: exit
2025/03/19 16:32:07 [notice] 38#38: exit
2025/03/19 16:32:07 [notice] 41#41: exit
2025/03/19 16:32:07 [notice] 40#40: exit
2025/03/19 16:32:07 [notice] 46#46: exit
2025/03/19 16:32:07 [notice] 45#45: exit
2025/03/19 16:32:07 [notice] 43#43: exit
2025/03/19 16:32:07 [notice] 47#47: exit
2025/03/19 16:32:07 [notice] 42#42: exit
2025/03/19 16:32:07 [notice] 1#1: signal 17 (SIGCHLD) received from 30
2025/03/19 16:32:07 [notice] 1#1: worker process 30 exited with code 0
2025/03/19 16:32:07 [notice] 1#1: worker process 36 exited with code 0
2025/03/19 16:32:07 [notice] 1#1: worker process 39 exited with code 0
2025/03/19 16:32:07 [notice] 1#1: signal 29 (SIGIO) received
2025/03/19 16:32:07 [notice] 1#1: signal 17 (SIGCHLD) received from 36
2025/03/19 16:32:08 [notice] 1#1: signal 17 (SIGCHLD) received from 47
2025/03/19 16:32:08 [notice] 1#1: worker process 28 exited with code 0
2025/03/19 16:32:08 [notice] 1#1: worker process 47 exited with code 0
2025/03/19 16:32:08 [notice] 1#1: signal 29 (SIGIO) received
2025/03/19 16:32:08 [notice] 1#1: signal 17 (SIGCHLD) received from 28
2025/03/19 16:32:08 [notice] 1#1: signal 17 (SIGCHLD) received from 32
2025/03/19 16:32:08 [notice] 1#1: worker process 29 exited with code 0
2025/03/19 16:32:08 [notice] 1#1: worker process 31 exited with code 0
2025/03/19 16:32:08 [notice] 1#1: worker process 32 exited with code 0
2025/03/19 16:32:08 [notice] 1#1: worker process 33 exited with code 0
2025/03/19 16:32:08 [notice] 1#1: worker process 37 exited with code 0
2025/03/19 16:32:08 [notice] 1#1: worker process 38 exited with code 0
2025/03/19 16:32:08 [notice] 1#1: worker process 40 exited with code 0
2025/03/19 16:32:08 [notice] 1#1: worker process 41 exited with code 0
2025/03/19 16:32:08 [notice] 1#1: worker process 42 exited with code 0
2025/03/19 16:32:08 [notice] 1#1: worker process 43 exited with code 0
2025/03/19 16:32:08 [notice] 1#1: worker process 44 exited with code 0
2025/03/19 16:32:08 [notice] 1#1: worker process 46 exited with code 0
2025/03/19 16:32:08 [notice] 1#1: signal 29 (SIGIO) received
2025/03/19 16:32:08 [notice] 1#1: signal 17 (SIGCHLD) received from 33
2025/03/19 16:32:08 [notice] 1#1: signal 17 (SIGCHLD) received from 34
2025/03/19 16:32:08 [notice] 1#1: worker process 34 exited with code 0
2025/03/19 16:32:08 [notice] 1#1: signal 29 (SIGIO) received
2025/03/19 16:32:08 [notice] 1#1: signal 17 (SIGCHLD) received from 35
2025/03/19 16:32:08 [notice] 1#1: worker process 35 exited with code 0
2025/03/19 16:32:08 [notice] 1#1: worker process 45 exited with code 0
2025/03/19 16:32:08 [notice] 1#1: exit
2025/04/05 03:01:36 [notice] 1#1: using the "epoll" event method
2025/04/05 03:01:36 [notice] 1#1: nginx/1.27.4
2025/04/05 03:01:36 [notice] 1#1: built by gcc 12.2.0 (Debian 12.2.0-14) 
2025/04/05 03:01:36 [notice] 1#1: OS: Linux 5.15.167.4-microsoft-standard-WSL2
2025/04/05 03:01:36 [notice] 1#1: getrlimit(RLIMIT_NOFILE): 1048576:1048576
2025/04/05 03:01:36 [notice] 1#1: start worker processes
2025/04/05 03:01:36 [notice] 1#1: start worker process 28
2025/04/05 03:01:36 [notice] 1#1: start worker process 29
2025/04/05 03:01:36 [notice] 1#1: start worker process 30
2025/04/05 03:01:36 [notice] 1#1: start worker process 31
2025/04/05 03:01:36 [notice] 1#1: start worker process 32
2025/04/05 03:01:36 [notice] 1#1: start worker process 33
2025/04/05 03:01:36 [notice] 1#1: start worker process 34
2025/04/05 03:01:36 [notice] 1#1: start worker process 35
2025/04/05 03:01:36 [notice] 1#1: start worker process 36
2025/04/05 03:01:36 [notice] 1#1: start worker process 37
2025/04/05 03:01:36 [notice] 1#1: start worker process 38
2025/04/05 03:01:36 [notice] 1#1: start worker process 39
2025/04/05 03:01:36 [notice] 1#1: start worker process 40
2025/04/05 03:01:36 [notice] 1#1: start worker process 41
2025/04/05 03:01:36 [notice] 1#1: start worker process 42
2025/04/05 03:01:36 [notice] 1#1: start worker process 43
2025/04/05 03:01:36 [notice] 1#1: start worker process 44
2025/04/05 03:01:36 [notice] 1#1: start worker process 45
2025/04/05 03:01:36 [notice] 1#1: start worker process 46
2025/04/05 03:01:36 [notice] 1#1: start worker process 47
2025/04/05 03:06:45 [notice] 1#1: signal 3 (SIGQUIT) received, shutting down
2025/04/05 03:06:45 [notice] 28#28: gracefully shutting down
2025/04/05 03:06:45 [notice] 43#43: gracefully shutting down
2025/04/05 03:06:45 [notice] 29#29: gracefully shutting down
2025/04/05 03:06:45 [notice] 29#29: exiting
2025/04/05 03:06:45 [notice] 30#30: gracefully shutting down
2025/04/05 03:06:45 [notice] 31#31: gracefully shutting down
2025/04/05 03:06:45 [notice] 33#33: gracefully shutting down
2025/04/05 03:06:45 [notice] 32#32: gracefully shutting down
2025/04/05 03:06:45 [notice] 37#37: gracefully shutting down
2025/04/05 03:06:45 [notice] 34#34: gracefully shutting down
2025/04/05 03:06:45 [notice] 36#36: gracefully shutting down
2025/04/05 03:06:45 [notice] 41#41: gracefully shutting down
2025/04/05 03:06:45 [notice] 42#42: gracefully shutting down
2025/04/05 03:06:45 [notice] 35#35: gracefully shutting down
2025/04/05 03:06:45 [notice] 38#38: gracefully shutting down
2025/04/05 03:06:45 [notice] 39#39: gracefully shutting down
2025/04/05 03:06:45 [notice] 40#40: gracefully shutting down
2025/04/05 03:06:45 [notice] 45#45: gracefully shutting down
2025/04/05 03:06:45 [notice] 44#44: gracefully shutting down
2025/04/05 03:06:45 [notice] 46#46: gracefully shutting down
2025/04/05 03:06:45 [notice] 28#28: exiting
2025/04/05 03:06:45 [notice] 47#47: gracefully shutting down
2025/04/05 03:06:45 [notice] 43#43: exiting
2025/04/05 03:06:45 [notice] 29#29: exit
2025/04/05 03:06:45 [notice] 30#30: exiting
2025/04/05 03:06:45 [notice] 31#31: exiting
2025/04/05 03:06:45 [notice] 33#33: exiting
2025/04/05 03:06:45 [notice] 32#32: exiting
2025/04/05 03:06:45 [notice] 37#37: exiting
2025/04/05 03:06:45 [notice] 34#34: exiting
2025/04/05 03:06:45 [notice] 36#36: exiting
2025/04/05 03:06:45 [notice] 41#41: exiting
2025/04/05 03:06:45 [notice] 42#42: exiting
2025/04/05 03:06:45 [notice] 35#35: exiting
2025/04/05 03:06:45 [notice] 38#38: exiting
2025/04/05 03:06:45 [notice] 39#39: exiting
2025/04/05 03:06:45 [notice] 40#40: exiting
2025/04/05 03:06:45 [notice] 45#45: exiting
2025/04/05 03:06:45 [notice] 44#44: exiting
2025/04/05 03:06:45 [notice] 46#46: exiting
2025/04/05 03:06:45 [notice] 44#44: exit
2025/04/05 03:06:45 [notice] 28#28: exit
2025/04/05 03:06:45 [notice] 47#47: exiting
2025/04/05 03:06:45 [notice] 43#43: exit
2025/04/05 03:06:45 [notice] 30#30: exit
2025/04/05 03:06:45 [notice] 31#31: exit
2025/04/05 03:06:45 [notice] 33#33: exit
2025/04/05 03:06:45 [notice] 32#32: exit
2025/04/05 03:06:45 [notice] 37#37: exit
2025/04/05 03:06:45 [notice] 34#34: exit
2025/04/05 03:06:45 [notice] 36#36: exit
2025/04/05 03:06:45 [notice] 41#41: exit
2025/04/05 03:06:45 [notice] 42#42: exit
2025/04/05 03:06:45 [notice] 35#35: exit
2025/04/05 03:06:45 [notice] 38#38: exit
2025/04/05 03:06:45 [notice] 39#39: exit
2025/04/05 03:06:45 [notice] 40#40: exit
2025/04/05 03:06:45 [notice] 45#45: exit
2025/04/05 03:06:45 [notice] 46#46: exit
2025/04/05 03:06:45 [notice] 47#47: exit
2025/04/05 03:06:46 [notice] 1#1: signal 17 (SIGCHLD) received from 44
2025/04/05 03:06:46 [notice] 1#1: worker process 32 exited with code 0
2025/04/05 03:06:46 [notice] 1#1: worker process 33 exited with code 0
2025/04/05 03:06:46 [notice] 1#1: worker process 44 exited with code 0
2025/04/05 03:06:46 [notice] 1#1: signal 29 (SIGIO) received
2025/04/05 03:06:46 [notice] 1#1: signal 17 (SIGCHLD) received from 32
2025/04/05 03:06:46 [notice] 1#1: signal 17 (SIGCHLD) received from 43
2025/04/05 03:06:46 [notice] 1#1: worker process 43 exited with code 0
2025/04/05 03:06:46 [notice] 1#1: signal 29 (SIGIO) received
2025/04/05 03:06:46 [notice] 1#1: signal 17 (SIGCHLD) received from 42
2025/04/05 03:06:46 [notice] 1#1: worker process 35 exited with code 0
2025/04/05 03:06:46 [notice] 1#1: worker process 36 exited with code 0
2025/04/05 03:06:46 [notice] 1#1: worker process 37 exited with code 0
2025/04/05 03:06:46 [notice] 1#1: worker process 40 exited with code 0
2025/04/05 03:06:46 [notice] 1#1: worker process 42 exited with code 0
2025/04/05 03:06:46 [notice] 1#1: worker process 45 exited with code 0
2025/04/05 03:06:46 [notice] 1#1: signal 29 (SIGIO) received
2025/04/05 03:06:46 [notice] 1#1: signal 17 (SIGCHLD) received from 35
2025/04/05 03:06:46 [notice] 1#1: signal 17 (SIGCHLD) received from 47
2025/04/05 03:06:46 [notice] 1#1: worker process 28 exited with code 0
2025/04/05 03:06:46 [notice] 1#1: worker process 29 exited with code 0
2025/04/05 03:06:46 [notice] 1#1: worker process 30 exited with code 0
2025/04/05 03:06:46 [notice] 1#1: worker process 31 exited with code 0
2025/04/05 03:06:46 [notice] 1#1: worker process 38 exited with code 0
2025/04/05 03:06:46 [notice] 1#1: worker process 41 exited with code 0
2025/04/05 03:06:46 [notice] 1#1: worker process 46 exited with code 0
2025/04/05 03:06:46 [notice] 1#1: worker process 47 exited with code 0
2025/04/05 03:06:46 [notice] 1#1: signal 29 (SIGIO) received
2025/04/05 03:06:46 [notice] 1#1: signal 17 (SIGCHLD) received from 31
2025/04/05 03:06:46 [notice] 1#1: signal 17 (SIGCHLD) received from 39
2025/04/05 03:06:46 [notice] 1#1: worker process 34 exited with code 0
2025/04/05 03:06:46 [notice] 1#1: worker process 39 exited with code 0
2025/04/05 03:06:46 [notice] 1#1: exit
2025/04/05 03:23:23 [notice] 1#1: using the "epoll" event method
2025/04/05 03:23:23 [notice] 1#1: nginx/1.27.4
2025/04/05 03:23:23 [notice] 1#1: built by gcc 12.2.0 (Debian 12.2.0-14) 
2025/04/05 03:23:23 [notice] 1#1: OS: Linux 5.15.167.4-microsoft-standard-WSL2
2025/04/05 03:23:23 [notice] 1#1: getrlimit(RLIMIT_NOFILE): 1048576:1048576
2025/04/05 03:23:23 [notice] 1#1: start worker processes
2025/04/05 03:23:23 [notice] 1#1: start worker process 28
2025/04/05 03:23:23 [notice] 1#1: start worker process 29
2025/04/05 03:23:23 [notice] 1#1: start worker process 30
2025/04/05 03:23:23 [notice] 1#1: start worker process 31
2025/04/05 03:23:23 [notice] 1#1: start worker process 32
2025/04/05 03:23:23 [notice] 1#1: start worker process 33
2025/04/05 03:23:23 [notice] 1#1: start worker process 34
2025/04/05 03:23:23 [notice] 1#1: start worker process 35
2025/04/05 03:23:23 [notice] 1#1: start worker process 36
2025/04/05 03:23:23 [notice] 1#1: start worker process 37
2025/04/05 03:23:23 [notice] 1#1: start worker process 38
2025/04/05 03:23:23 [notice] 1#1: start worker process 39
2025/04/05 03:23:23 [notice] 1#1: start worker process 40
2025/04/05 03:23:23 [notice] 1#1: start worker process 41
2025/04/05 03:23:23 [notice] 1#1: start worker process 42
2025/04/05 03:23:23 [notice] 1#1: start worker process 43
2025/04/05 03:23:23 [notice] 1#1: start worker process 44
2025/04/05 03:23:23 [notice] 1#1: start worker process 45
2025/04/05 03:23:23 [notice] 1#1: start worker process 46
2025/04/05 03:23:23 [notice] 1#1: start worker process 47
2025/04/05 03:24:28 [notice] 1#1: signal 3 (SIGQUIT) received, shutting down
2025/04/05 03:24:28 [notice] 28#28: gracefully shutting down
2025/04/05 03:24:28 [notice] 29#29: gracefully shutting down
2025/04/05 03:24:28 [notice] 31#31: gracefully shutting down
2025/04/05 03:24:28 [notice] 32#32: gracefully shutting down
2025/04/05 03:24:28 [notice] 33#33: gracefully shutting down
2025/04/05 03:24:28 [notice] 30#30: gracefully shutting down
2025/04/05 03:24:28 [notice] 37#37: gracefully shutting down
2025/04/05 03:24:28 [notice] 36#36: gracefully shutting down
2025/04/05 03:24:28 [notice] 35#35: gracefully shutting down
2025/04/05 03:24:28 [notice] 34#34: gracefully shutting down
2025/04/05 03:24:28 [notice] 40#40: gracefully shutting down
2025/04/05 03:24:28 [notice] 41#41: gracefully shutting down
2025/04/05 03:24:28 [notice] 38#38: gracefully shutting down
2025/04/05 03:24:28 [notice] 43#43: gracefully shutting down
2025/04/05 03:24:28 [notice] 45#45: gracefully shutting down
2025/04/05 03:24:28 [notice] 44#44: gracefully shutting down
2025/04/05 03:24:28 [notice] 42#42: gracefully shutting down
2025/04/05 03:24:28 [notice] 39#39: gracefully shutting down
2025/04/05 03:24:28 [notice] 47#47: gracefully shutting down
2025/04/05 03:24:28 [notice] 46#46: gracefully shutting down
2025/04/05 03:24:28 [notice] 28#28: exiting
2025/04/05 03:24:28 [notice] 29#29: exiting
2025/04/05 03:24:28 [notice] 31#31: exiting
2025/04/05 03:24:28 [notice] 32#32: exiting
2025/04/05 03:24:28 [notice] 33#33: exiting
2025/04/05 03:24:28 [notice] 30#30: exiting
2025/04/05 03:24:28 [notice] 37#37: exiting
2025/04/05 03:24:28 [notice] 36#36: exiting
2025/04/05 03:24:28 [notice] 35#35: exiting
2025/04/05 03:24:28 [notice] 34#34: exiting
2025/04/05 03:24:28 [notice] 40#40: exiting
2025/04/05 03:24:28 [notice] 41#41: exiting
2025/04/05 03:24:28 [notice] 38#38: exiting
2025/04/05 03:24:28 [notice] 43#43: exiting
2025/04/05 03:24:28 [notice] 45#45: exiting
2025/04/05 03:24:28 [notice] 45#45: exit
2025/04/05 03:24:28 [notice] 44#44: exiting
2025/04/05 03:24:28 [notice] 42#42: exiting
2025/04/05 03:24:28 [notice] 39#39: exiting
2025/04/05 03:24:28 [notice] 47#47: exiting
2025/04/05 03:24:28 [notice] 46#46: exiting
2025/04/05 03:24:28 [notice] 28#28: exit
2025/04/05 03:24:28 [notice] 29#29: exit
2025/04/05 03:24:28 [notice] 31#31: exit
2025/04/05 03:24:28 [notice] 32#32: exit
2025/04/05 03:24:28 [notice] 33#33: exit
2025/04/05 03:24:28 [notice] 30#30: exit
2025/04/05 03:24:28 [notice] 37#37: exit
2025/04/05 03:24:28 [notice] 36#36: exit
2025/04/05 03:24:28 [notice] 35#35: exit
2025/04/05 03:24:28 [notice] 34#34: exit
2025/04/05 03:24:28 [notice] 40#40: exit
2025/04/05 03:24:28 [notice] 41#41: exit
2025/04/05 03:24:28 [notice] 38#38: exit
2025/04/05 03:24:28 [notice] 43#43: exit
2025/04/05 03:24:28 [notice] 44#44: exit
2025/04/05 03:24:28 [notice] 42#42: exit
2025/04/05 03:24:28 [notice] 39#39: exit
2025/04/05 03:24:28 [notice] 47#47: exit
2025/04/05 03:24:28 [notice] 46#46: exit
2025/04/05 03:24:28 [notice] 1#1: signal 17 (SIGCHLD) received from 32
2025/04/05 03:24:28 [notice] 1#1: worker process 28 exited with code 0
2025/04/05 03:24:28 [notice] 1#1: worker process 29 exited with code 0
2025/04/05 03:24:28 [notice] 1#1: worker process 31 exited with code 0
2025/04/05 03:24:28 [notice] 1#1: worker process 32 exited with code 0
2025/04/05 03:24:28 [notice] 1#1: worker process 33 exited with code 0
2025/04/05 03:24:28 [notice] 1#1: worker process 34 exited with code 0
2025/04/05 03:24:28 [notice] 1#1: worker process 35 exited with code 0
2025/04/05 03:24:28 [notice] 1#1: worker process 36 exited with code 0
2025/04/05 03:24:28 [notice] 1#1: worker process 40 exited with code 0
2025/04/05 03:24:28 [notice] 1#1: worker process 42 exited with code 0
2025/04/05 03:24:28 [notice] 1#1: worker process 45 exited with code 0
2025/04/05 03:24:28 [notice] 1#1: signal 29 (SIGIO) received
2025/04/05 03:24:28 [notice] 1#1: signal 17 (SIGCHLD) received from 36
2025/04/05 03:24:28 [notice] 1#1: signal 17 (SIGCHLD) received from 39
2025/04/05 03:24:28 [notice] 1#1: worker process 39 exited with code 0
2025/04/05 03:24:28 [notice] 1#1: signal 29 (SIGIO) received
2025/04/05 03:24:28 [notice] 1#1: signal 17 (SIGCHLD) received from 38
2025/04/05 03:24:28 [notice] 1#1: worker process 38 exited with code 0
2025/04/05 03:24:28 [notice] 1#1: signal 29 (SIGIO) received
2025/04/05 03:24:28 [notice] 1#1: signal 17 (SIGCHLD) received from 30
2025/04/05 03:24:28 [notice] 1#1: worker process 30 exited with code 0
2025/04/05 03:24:28 [notice] 1#1: worker process 41 exited with code 0
2025/04/05 03:24:28 [notice] 1#1: worker process 46 exited with code 0
2025/04/05 03:24:28 [notice] 1#1: worker process 47 exited with code 0
2025/04/05 03:24:28 [notice] 1#1: signal 29 (SIGIO) received
2025/04/05 03:24:28 [notice] 1#1: signal 17 (SIGCHLD) received from 37
2025/04/05 03:24:28 [notice] 1#1: worker process 37 exited with code 0
2025/04/05 03:24:28 [notice] 1#1: worker process 43 exited with code 0
2025/04/05 03:24:28 [notice] 1#1: signal 29 (SIGIO) received
2025/04/05 03:24:28 [notice] 1#1: signal 17 (SIGCHLD) received from 44
2025/04/05 03:24:28 [notice] 1#1: worker process 44 exited with code 0
2025/04/05 03:24:28 [notice] 1#1: exit
2025/04/05 03:24:53 [notice] 1#1: using the "epoll" event method
2025/04/05 03:24:53 [notice] 1#1: nginx/1.27.4
2025/04/05 03:24:53 [notice] 1#1: built by gcc 12.2.0 (Debian 12.2.0-14) 
2025/04/05 03:24:53 [notice] 1#1: OS: Linux 5.15.167.4-microsoft-standard-WSL2
2025/04/05 03:24:53 [notice] 1#1: getrlimit(RLIMIT_NOFILE): 1048576:1048576
2025/04/05 03:24:53 [notice] 1#1: start worker processes
2025/04/05 03:24:53 [notice] 1#1: start worker process 28
2025/04/05 03:24:53 [notice] 1#1: start worker process 29
2025/04/05 03:24:53 [notice] 1#1: start worker process 30
2025/04/05 03:24:53 [notice] 1#1: start worker process 31
2025/04/05 03:24:53 [notice] 1#1: start worker process 32
2025/04/05 03:24:53 [notice] 1#1: start worker process 33
2025/04/05 03:24:53 [notice] 1#1: start worker process 34
2025/04/05 03:24:53 [notice] 1#1: start worker process 35
2025/04/05 03:24:53 [notice] 1#1: start worker process 36
2025/04/05 03:24:53 [notice] 1#1: start worker process 37
2025/04/05 03:24:53 [notice] 1#1: start worker process 38
2025/04/05 03:24:53 [notice] 1#1: start worker process 39
2025/04/05 03:24:53 [notice] 1#1: start worker process 40
2025/04/05 03:24:53 [notice] 1#1: start worker process 41
2025/04/05 03:24:53 [notice] 1#1: start worker process 42
2025/04/05 03:24:53 [notice] 1#1: start worker process 43
2025/04/05 03:24:53 [notice] 1#1: start worker process 44
2025/04/05 03:24:53 [notice] 1#1: start worker process 45
2025/04/05 03:24:53 [notice] 1#1: start worker process 46
2025/04/05 03:24:53 [notice] 1#1: start worker process 47
2025/04/05 03:25:00 [notice] 1#1: signal 3 (SIGQUIT) received, shutting down
2025/04/05 03:25:00 [notice] 28#28: gracefully shutting down
2025/04/05 03:25:00 [notice] 29#29: gracefully shutting down
2025/04/05 03:25:00 [notice] 30#30: gracefully shutting down
2025/04/05 03:25:00 [notice] 31#31: gracefully shutting down
2025/04/05 03:25:00 [notice] 33#33: gracefully shutting down
2025/04/05 03:25:00 [notice] 32#32: gracefully shutting down
2025/04/05 03:25:00 [notice] 34#34: gracefully shutting down
2025/04/05 03:25:00 [notice] 35#35: gracefully shutting down
2025/04/05 03:25:00 [notice] 37#37: gracefully shutting down
2025/04/05 03:25:00 [notice] 38#38: gracefully shutting down
2025/04/05 03:25:00 [notice] 39#39: gracefully shutting down
2025/04/05 03:25:00 [notice] 36#36: gracefully shutting down
2025/04/05 03:25:00 [notice] 41#41: gracefully shutting down
2025/04/05 03:25:00 [notice] 42#42: gracefully shutting down
2025/04/05 03:25:00 [notice] 44#44: gracefully shutting down
2025/04/05 03:25:00 [notice] 40#40: gracefully shutting down
2025/04/05 03:25:00 [notice] 45#45: gracefully shutting down
2025/04/05 03:25:00 [notice] 43#43: gracefully shutting down
2025/04/05 03:25:00 [notice] 47#47: gracefully shutting down
2025/04/05 03:25:00 [notice] 46#46: gracefully shutting down
2025/04/05 03:25:00 [notice] 28#28: exiting
2025/04/05 03:25:00 [notice] 29#29: exiting
2025/04/05 03:25:00 [notice] 30#30: exiting
2025/04/05 03:25:00 [notice] 31#31: exiting
2025/04/05 03:25:00 [notice] 33#33: exiting
2025/04/05 03:25:00 [notice] 32#32: exiting
2025/04/05 03:25:00 [notice] 34#34: exiting
2025/04/05 03:25:00 [notice] 35#35: exiting
2025/04/05 03:25:00 [notice] 37#37: exiting
2025/04/05 03:25:00 [notice] 38#38: exiting
2025/04/05 03:25:00 [notice] 39#39: exiting
2025/04/05 03:25:00 [notice] 36#36: exiting
2025/04/05 03:25:00 [notice] 41#41: exiting
2025/04/05 03:25:00 [notice] 42#42: exiting
2025/04/05 03:25:00 [notice] 44#44: exiting
2025/04/05 03:25:00 [notice] 40#40: exiting
2025/04/05 03:25:00 [notice] 45#45: exiting
2025/04/05 03:25:00 [notice] 43#43: exiting
2025/04/05 03:25:00 [notice] 47#47: exiting
2025/04/05 03:25:00 [notice] 46#46: exiting
2025/04/05 03:25:00 [notice] 28#28: exit
2025/04/05 03:25:00 [notice] 29#29: exit
2025/04/05 03:25:00 [notice] 30#30: exit
2025/04/05 03:25:00 [notice] 31#31: exit
2025/04/05 03:25:00 [notice] 33#33: exit
2025/04/05 03:25:00 [notice] 32#32: exit
2025/04/05 03:25:00 [notice] 34#34: exit
2025/04/05 03:25:00 [notice] 35#35: exit
2025/04/05 03:25:00 [notice] 37#37: exit
2025/04/05 03:25:00 [notice] 38#38: exit
2025/04/05 03:25:00 [notice] 39#39: exit
2025/04/05 03:25:00 [notice] 36#36: exit
2025/04/05 03:25:00 [notice] 41#41: exit
2025/04/05 03:25:00 [notice] 42#42: exit
2025/04/05 03:25:00 [notice] 44#44: exit
2025/04/05 03:25:00 [notice] 40#40: exit
2025/04/05 03:25:00 [notice] 45#45: exit
2025/04/05 03:25:00 [notice] 43#43: exit
2025/04/05 03:25:00 [notice] 47#47: exit
2025/04/05 03:25:00 [notice] 46#46: exit
2025/04/05 03:25:00 [notice] 1#1: signal 17 (SIGCHLD) received from 42
2025/04/05 03:25:00 [notice] 1#1: worker process 29 exited with code 0
2025/04/05 03:25:00 [notice] 1#1: worker process 31 exited with code 0
2025/04/05 03:25:00 [notice] 1#1: worker process 36 exited with code 0
2025/04/05 03:25:00 [notice] 1#1: worker process 38 exited with code 0
2025/04/05 03:25:00 [notice] 1#1: worker process 42 exited with code 0
2025/04/05 03:25:00 [notice] 1#1: signal 29 (SIGIO) received
2025/04/05 03:25:00 [notice] 1#1: signal 17 (SIGCHLD) received from 38
2025/04/05 03:25:00 [notice] 1#1: signal 17 (SIGCHLD) received from 41
2025/04/05 03:25:00 [notice] 1#1: worker process 41 exited with code 0
2025/04/05 03:25:00 [notice] 1#1: signal 29 (SIGIO) received
2025/04/05 03:25:00 [notice] 1#1: signal 17 (SIGCHLD) received from 45
2025/04/05 03:25:00 [notice] 1#1: worker process 45 exited with code 0
2025/04/05 03:25:00 [notice] 1#1: signal 29 (SIGIO) received
2025/04/05 03:25:00 [notice] 1#1: signal 17 (SIGCHLD) received from 30
2025/04/05 03:25:00 [notice] 1#1: worker process 28 exited with code 0
2025/04/05 03:25:00 [notice] 1#1: worker process 30 exited with code 0
2025/04/05 03:25:00 [notice] 1#1: worker process 32 exited with code 0
2025/04/05 03:25:00 [notice] 1#1: worker process 33 exited with code 0
2025/04/05 03:25:00 [notice] 1#1: worker process 34 exited with code 0
2025/04/05 03:25:00 [notice] 1#1: worker process 35 exited with code 0
2025/04/05 03:25:00 [notice] 1#1: worker process 37 exited with code 0
2025/04/05 03:25:00 [notice] 1#1: worker process 39 exited with code 0
2025/04/05 03:25:00 [notice] 1#1: worker process 40 exited with code 0
2025/04/05 03:25:00 [notice] 1#1: worker process 44 exited with code 0
2025/04/05 03:25:00 [notice] 1#1: worker process 46 exited with code 0
2025/04/05 03:25:00 [notice] 1#1: worker process 47 exited with code 0
2025/04/05 03:25:00 [notice] 1#1: signal 29 (SIGIO) received
2025/04/05 03:25:00 [notice] 1#1: signal 17 (SIGCHLD) received from 28
2025/04/05 03:25:00 [notice] 1#1: signal 17 (SIGCHLD) received from 43
2025/04/05 03:25:00 [notice] 1#1: worker process 43 exited with code 0
2025/04/05 03:25:00 [notice] 1#1: exit
2025/04/05 03:28:52 [notice] 1#1: using the "epoll" event method
2025/04/05 03:28:52 [notice] 1#1: nginx/1.27.4
2025/04/05 03:28:52 [notice] 1#1: built by gcc 12.2.0 (Debian 12.2.0-14) 
2025/04/05 03:28:52 [notice] 1#1: OS: Linux 5.15.167.4-microsoft-standard-WSL2
2025/04/05 03:28:52 [notice] 1#1: getrlimit(RLIMIT_NOFILE): 1048576:1048576
2025/04/05 03:28:52 [notice] 1#1: start worker processes
2025/04/05 03:28:52 [notice] 1#1: start worker process 28
2025/04/05 03:28:52 [notice] 1#1: start worker process 29
2025/04/05 03:28:52 [notice] 1#1: start worker process 30
2025/04/05 03:28:52 [notice] 1#1: start worker process 31
2025/04/05 03:28:52 [notice] 1#1: start worker process 32
2025/04/05 03:28:52 [notice] 1#1: start worker process 33
2025/04/05 03:28:52 [notice] 1#1: start worker process 34
2025/04/05 03:28:52 [notice] 1#1: start worker process 35
2025/04/05 03:28:52 [notice] 1#1: start worker process 36
2025/04/05 03:28:52 [notice] 1#1: start worker process 37
2025/04/05 03:28:52 [notice] 1#1: start worker process 38
2025/04/05 03:28:52 [notice] 1#1: start worker process 39
2025/04/05 03:28:52 [notice] 1#1: start worker process 40
2025/04/05 03:28:52 [notice] 1#1: start worker process 41
2025/04/05 03:28:52 [notice] 1#1: start worker process 42
2025/04/05 03:28:52 [notice] 1#1: start worker process 43
2025/04/05 03:28:52 [notice] 1#1: start worker process 44
2025/04/05 03:28:52 [notice] 1#1: start worker process 45
2025/04/05 03:28:52 [notice] 1#1: start worker process 46
2025/04/05 03:28:52 [notice] 1#1: start worker process 47
2025/04/05 03:31:34 [notice] 1#1: signal 3 (SIGQUIT) received, shutting down
2025/04/05 03:31:34 [notice] 28#28: gracefully shutting down
2025/04/05 03:31:34 [notice] 30#30: gracefully shutting down
2025/04/05 03:31:34 [notice] 32#32: gracefully shutting down
2025/04/05 03:31:34 [notice] 33#33: gracefully shutting down
2025/04/05 03:31:34 [notice] 34#34: gracefully shutting down
2025/04/05 03:31:34 [notice] 35#35: gracefully shutting down
2025/04/05 03:31:34 [notice] 36#36: gracefully shutting down
2025/04/05 03:31:34 [notice] 37#37: gracefully shutting down
2025/04/05 03:31:34 [notice] 38#38: gracefully shutting down
2025/04/05 03:31:34 [notice] 31#31: gracefully shutting down
2025/04/05 03:31:34 [notice] 39#39: gracefully shutting down
2025/04/05 03:31:34 [notice] 40#40: gracefully shutting down
2025/04/05 03:31:34 [notice] 41#41: gracefully shutting down
2025/04/05 03:31:34 [notice] 42#42: gracefully shutting down
2025/04/05 03:31:34 [notice] 44#44: gracefully shutting down
2025/04/05 03:31:34 [notice] 43#43: gracefully shutting down
2025/04/05 03:31:34 [notice] 45#45: gracefully shutting down
2025/04/05 03:31:34 [notice] 47#47: gracefully shutting down
2025/04/05 03:31:34 [notice] 46#46: gracefully shutting down
2025/04/05 03:31:34 [notice] 29#29: gracefully shutting down
2025/04/05 03:31:34 [notice] 28#28: exiting
2025/04/05 03:31:34 [notice] 29#29: exiting
2025/04/05 03:31:34 [notice] 30#30: exiting
2025/04/05 03:31:34 [notice] 30#30: exit
2025/04/05 03:31:34 [notice] 32#32: exiting
2025/04/05 03:31:34 [notice] 33#33: exiting
2025/04/05 03:31:34 [notice] 34#34: exiting
2025/04/05 03:31:34 [notice] 35#35: exiting
2025/04/05 03:31:34 [notice] 36#36: exiting
2025/04/05 03:31:34 [notice] 37#37: exiting
2025/04/05 03:31:34 [notice] 38#38: exiting
2025/04/05 03:31:34 [notice] 31#31: exiting
2025/04/05 03:31:34 [notice] 39#39: exiting
2025/04/05 03:31:34 [notice] 40#40: exiting
2025/04/05 03:31:34 [notice] 41#41: exiting
2025/04/05 03:31:34 [notice] 42#42: exiting
2025/04/05 03:31:34 [notice] 44#44: exiting
2025/04/05 03:31:34 [notice] 43#43: exiting
2025/04/05 03:31:34 [notice] 45#45: exiting
2025/04/05 03:31:34 [notice] 47#47: exiting
2025/04/05 03:31:34 [notice] 46#46: exiting
2025/04/05 03:31:34 [notice] 28#28: exit
2025/04/05 03:31:34 [notice] 29#29: exit
2025/04/05 03:31:34 [notice] 32#32: exit
2025/04/05 03:31:34 [notice] 33#33: exit
2025/04/05 03:31:34 [notice] 34#34: exit
2025/04/05 03:31:34 [notice] 35#35: exit
2025/04/05 03:31:34 [notice] 36#36: exit
2025/04/05 03:31:34 [notice] 37#37: exit
2025/04/05 03:31:34 [notice] 38#38: exit
2025/04/05 03:31:34 [notice] 31#31: exit
2025/04/05 03:31:34 [notice] 39#39: exit
2025/04/05 03:31:34 [notice] 40#40: exit
2025/04/05 03:31:34 [notice] 41#41: exit
2025/04/05 03:31:34 [notice] 42#42: exit
2025/04/05 03:31:34 [notice] 44#44: exit
2025/04/05 03:31:34 [notice] 43#43: exit
2025/04/05 03:31:34 [notice] 45#45: exit
2025/04/05 03:31:34 [notice] 47#47: exit
2025/04/05 03:31:34 [notice] 46#46: exit
2025/04/05 03:31:34 [notice] 1#1: signal 17 (SIGCHLD) received from 30
2025/04/05 03:31:34 [notice] 1#1: worker process 30 exited with code 0
2025/04/05 03:31:34 [notice] 1#1: signal 29 (SIGIO) received
2025/04/05 03:31:34 [notice] 1#1: signal 17 (SIGCHLD) received from 42
2025/04/05 03:31:34 [notice] 1#1: worker process 28 exited with code 0
2025/04/05 03:31:34 [notice] 1#1: worker process 29 exited with code 0
2025/04/05 03:31:34 [notice] 1#1: worker process 32 exited with code 0
2025/04/05 03:31:34 [notice] 1#1: worker process 33 exited with code 0
2025/04/05 03:31:34 [notice] 1#1: worker process 34 exited with code 0
2025/04/05 03:31:34 [notice] 1#1: worker process 35 exited with code 0
2025/04/05 03:31:34 [notice] 1#1: worker process 36 exited with code 0
2025/04/05 03:31:34 [notice] 1#1: worker process 37 exited with code 0
2025/04/05 03:31:34 [notice] 1#1: worker process 39 exited with code 0
2025/04/05 03:31:34 [notice] 1#1: worker process 41 exited with code 0
2025/04/05 03:31:34 [notice] 1#1: worker process 42 exited with code 0
2025/04/05 03:31:34 [notice] 1#1: worker process 43 exited with code 0
2025/04/05 03:31:34 [notice] 1#1: worker process 44 exited with code 0
2025/04/05 03:31:34 [notice] 1#1: worker process 45 exited with code 0
2025/04/05 03:31:34 [notice] 1#1: worker process 46 exited with code 0
2025/04/05 03:31:34 [notice] 1#1: worker process 47 exited with code 0
2025/04/05 03:31:34 [notice] 1#1: signal 29 (SIGIO) received
2025/04/05 03:31:34 [notice] 1#1: signal 17 (SIGCHLD) received from 47
2025/04/05 03:31:34 [notice] 1#1: signal 17 (SIGCHLD) received from 40
2025/04/05 03:31:34 [notice] 1#1: worker process 40 exited with code 0
2025/04/05 03:31:34 [notice] 1#1: signal 29 (SIGIO) received
2025/04/05 03:31:34 [notice] 1#1: signal 17 (SIGCHLD) received from 38
2025/04/05 03:31:34 [notice] 1#1: worker process 31 exited with code 0
2025/04/05 03:31:34 [notice] 1#1: worker process 38 exited with code 0
2025/04/05 03:31:34 [notice] 1#1: exit
2025/04/05 03:31:45 [notice] 1#1: using the "epoll" event method
2025/04/05 03:31:45 [notice] 1#1: nginx/1.27.4
2025/04/05 03:31:45 [notice] 1#1: built by gcc 12.2.0 (Debian 12.2.0-14) 
2025/04/05 03:31:45 [notice] 1#1: OS: Linux 5.15.167.4-microsoft-standard-WSL2
2025/04/05 03:31:45 [notice] 1#1: getrlimit(RLIMIT_NOFILE): 1048576:1048576
2025/04/05 03:31:45 [notice] 1#1: start worker processes
2025/04/05 03:31:45 [notice] 1#1: start worker process 28
2025/04/05 03:31:45 [notice] 1#1: start worker process 29
2025/04/05 03:31:45 [notice] 1#1: start worker process 30
2025/04/05 03:31:45 [notice] 1#1: start worker process 31
2025/04/05 03:31:45 [notice] 1#1: start worker process 32
2025/04/05 03:31:45 [notice] 1#1: start worker process 33
2025/04/05 03:31:45 [notice] 1#1: start worker process 34
2025/04/05 03:31:45 [notice] 1#1: start worker process 35
2025/04/05 03:31:45 [notice] 1#1: start worker process 36
2025/04/05 03:31:45 [notice] 1#1: start worker process 37
2025/04/05 03:31:45 [notice] 1#1: start worker process 38
2025/04/05 03:31:45 [notice] 1#1: start worker process 39
2025/04/05 03:31:45 [notice] 1#1: start worker process 40
2025/04/05 03:31:45 [notice] 1#1: start worker process 41
2025/04/05 03:31:45 [notice] 1#1: start worker process 42
2025/04/05 03:31:45 [notice] 1#1: start worker process 43
2025/04/05 03:31:45 [notice] 1#1: start worker process 44
2025/04/05 03:31:45 [notice] 1#1: start worker process 45
2025/04/05 03:31:45 [notice] 1#1: start worker process 46
2025/04/05 03:31:45 [notice] 1#1: start worker process 47
2025/04/05 03:33:53 [notice] 1#1: signal 3 (SIGQUIT) received, shutting down
2025/04/05 03:33:53 [notice] 29#29: gracefully shutting down
2025/04/05 03:33:53 [notice] 30#30: gracefully shutting down
2025/04/05 03:33:53 [notice] 28#28: gracefully shutting down
2025/04/05 03:33:53 [notice] 32#32: gracefully shutting down
2025/04/05 03:33:53 [notice] 33#33: gracefully shutting down
2025/04/05 03:33:53 [notice] 34#34: gracefully shutting down
2025/04/05 03:33:53 [notice] 36#36: gracefully shutting down
2025/04/05 03:33:53 [notice] 35#35: gracefully shutting down
2025/04/05 03:33:53 [notice] 37#37: gracefully shutting down
2025/04/05 03:33:53 [notice] 31#31: gracefully shutting down
2025/04/05 03:33:53 [notice] 38#38: gracefully shutting down
2025/04/05 03:33:53 [notice] 38#38: exiting
2025/04/05 03:33:53 [notice] 39#39: gracefully shutting down
2025/04/05 03:33:53 [notice] 40#40: gracefully shutting down
2025/04/05 03:33:53 [notice] 42#42: gracefully shutting down
2025/04/05 03:33:53 [notice] 41#41: gracefully shutting down
2025/04/05 03:33:53 [notice] 44#44: gracefully shutting down
2025/04/05 03:33:53 [notice] 45#45: gracefully shutting down
2025/04/05 03:33:53 [notice] 43#43: gracefully shutting down
2025/04/05 03:33:53 [notice] 46#46: gracefully shutting down
2025/04/05 03:33:53 [notice] 47#47: gracefully shutting down
2025/04/05 03:33:53 [notice] 29#29: exiting
2025/04/05 03:33:53 [notice] 30#30: exiting
2025/04/05 03:33:53 [notice] 28#28: exiting
2025/04/05 03:33:53 [notice] 32#32: exiting
2025/04/05 03:33:53 [notice] 33#33: exiting
2025/04/05 03:33:53 [notice] 34#34: exiting
2025/04/05 03:33:53 [notice] 36#36: exiting
2025/04/05 03:33:53 [notice] 35#35: exiting
2025/04/05 03:33:53 [notice] 37#37: exiting
2025/04/05 03:33:53 [notice] 31#31: exiting
2025/04/05 03:33:53 [notice] 38#38: exit
2025/04/05 03:33:53 [notice] 39#39: exiting
2025/04/05 03:33:53 [notice] 40#40: exiting
2025/04/05 03:33:53 [notice] 42#42: exiting
2025/04/05 03:33:53 [notice] 41#41: exiting
2025/04/05 03:33:53 [notice] 44#44: exiting
2025/04/05 03:33:53 [notice] 45#45: exiting
2025/04/05 03:33:53 [notice] 43#43: exiting
2025/04/05 03:33:53 [notice] 46#46: exiting
2025/04/05 03:33:53 [notice] 47#47: exiting
2025/04/05 03:33:53 [notice] 29#29: exit
2025/04/05 03:33:53 [notice] 30#30: exit
2025/04/05 03:33:53 [notice] 28#28: exit
2025/04/05 03:33:53 [notice] 32#32: exit
2025/04/05 03:33:53 [notice] 33#33: exit
2025/04/05 03:33:53 [notice] 34#34: exit
2025/04/05 03:33:53 [notice] 36#36: exit
2025/04/05 03:33:53 [notice] 35#35: exit
2025/04/05 03:33:53 [notice] 37#37: exit
2025/04/05 03:33:53 [notice] 31#31: exit
2025/04/05 03:33:53 [notice] 39#39: exit
2025/04/05 03:33:53 [notice] 40#40: exit
2025/04/05 03:33:53 [notice] 42#42: exit
2025/04/05 03:33:53 [notice] 41#41: exit
2025/04/05 03:33:53 [notice] 44#44: exit
2025/04/05 03:33:53 [notice] 45#45: exit
2025/04/05 03:33:53 [notice] 43#43: exit
2025/04/05 03:33:53 [notice] 46#46: exit
2025/04/05 03:33:53 [notice] 47#47: exit
2025/04/05 03:33:53 [notice] 1#1: signal 17 (SIGCHLD) received from 36
2025/04/05 03:33:53 [notice] 1#1: worker process 30 exited with code 0
2025/04/05 03:33:53 [notice] 1#1: worker process 35 exited with code 0
2025/04/05 03:33:53 [notice] 1#1: worker process 36 exited with code 0
2025/04/05 03:33:53 [notice] 1#1: worker process 40 exited with code 0
2025/04/05 03:33:53 [notice] 1#1: signal 29 (SIGIO) received
2025/04/05 03:33:53 [notice] 1#1: signal 17 (SIGCHLD) received from 40
2025/04/05 03:33:53 [notice] 1#1: signal 17 (SIGCHLD) received from 42
2025/04/05 03:33:53 [notice] 1#1: worker process 33 exited with code 0
2025/04/05 03:33:53 [notice] 1#1: worker process 42 exited with code 0
2025/04/05 03:33:53 [notice] 1#1: worker process 44 exited with code 0
2025/04/05 03:33:53 [notice] 1#1: worker process 46 exited with code 0
2025/04/05 03:33:53 [notice] 1#1: signal 29 (SIGIO) received
2025/04/05 03:33:53 [notice] 1#1: signal 17 (SIGCHLD) received from 44
2025/04/05 03:33:53 [notice] 1#1: signal 17 (SIGCHLD) received from 38
2025/04/05 03:33:53 [notice] 1#1: worker process 28 exited with code 0
2025/04/05 03:33:53 [notice] 1#1: worker process 29 exited with code 0
2025/04/05 03:33:53 [notice] 1#1: worker process 31 exited with code 0
2025/04/05 03:33:53 [notice] 1#1: worker process 32 exited with code 0
2025/04/05 03:33:53 [notice] 1#1: worker process 34 exited with code 0
2025/04/05 03:33:53 [notice] 1#1: worker process 37 exited with code 0
2025/04/05 03:33:53 [notice] 1#1: worker process 38 exited with code 0
2025/04/05 03:33:53 [notice] 1#1: worker process 39 exited with code 0
2025/04/05 03:33:53 [notice] 1#1: worker process 41 exited with code 0
2025/04/05 03:33:53 [notice] 1#1: worker process 45 exited with code 0
2025/04/05 03:33:53 [notice] 1#1: worker process 47 exited with code 0
2025/04/05 03:33:53 [notice] 1#1: signal 29 (SIGIO) received
2025/04/05 03:33:53 [notice] 1#1: signal 17 (SIGCHLD) received from 47
2025/04/05 03:33:53 [notice] 1#1: signal 17 (SIGCHLD) received from 43
2025/04/05 03:33:53 [notice] 1#1: worker process 43 exited with code 0
2025/04/05 03:33:53 [notice] 1#1: exit
2025/04/05 03:33:59 [notice] 1#1: using the "epoll" event method
2025/04/05 03:33:59 [notice] 1#1: nginx/1.27.4
2025/04/05 03:33:59 [notice] 1#1: built by gcc 12.2.0 (Debian 12.2.0-14) 
2025/04/05 03:33:59 [notice] 1#1: OS: Linux 5.15.167.4-microsoft-standard-WSL2
2025/04/05 03:33:59 [notice] 1#1: getrlimit(RLIMIT_NOFILE): 1048576:1048576
2025/04/05 03:33:59 [notice] 1#1: start worker processes
2025/04/05 03:33:59 [notice] 1#1: start worker process 28
2025/04/05 03:33:59 [notice] 1#1: start worker process 29
2025/04/05 03:33:59 [notice] 1#1: start worker process 30
2025/04/05 03:33:59 [notice] 1#1: start worker process 31
2025/04/05 03:33:59 [notice] 1#1: start worker process 32
2025/04/05 03:33:59 [notice] 1#1: start worker process 33
2025/04/05 03:33:59 [notice] 1#1: start worker process 34
2025/04/05 03:33:59 [notice] 1#1: start worker process 35
2025/04/05 03:33:59 [notice] 1#1: start worker process 36
2025/04/05 03:33:59 [notice] 1#1: start worker process 37
2025/04/05 03:33:59 [notice] 1#1: start worker process 38
2025/04/05 03:33:59 [notice] 1#1: start worker process 39
2025/04/05 03:33:59 [notice] 1#1: start worker process 40
2025/04/05 03:33:59 [notice] 1#1: start worker process 41
2025/04/05 03:33:59 [notice] 1#1: start worker process 42
2025/04/05 03:33:59 [notice] 1#1: start worker process 43
2025/04/05 03:33:59 [notice] 1#1: start worker process 44
2025/04/05 03:33:59 [notice] 1#1: start worker process 45
2025/04/05 03:33:59 [notice] 1#1: start worker process 46
2025/04/05 03:33:59 [notice] 1#1: start worker process 47
2025/04/05 03:37:49 [notice] 1#1: signal 3 (SIGQUIT) received, shutting down
2025/04/05 03:37:49 [notice] 32#32: gracefully shutting down
2025/04/05 03:37:49 [notice] 44#44: gracefully shutting down
2025/04/05 03:37:49 [notice] 28#28: gracefully shutting down
2025/04/05 03:37:49 [notice] 35#35: gracefully shutting down
2025/04/05 03:37:49 [notice] 29#29: gracefully shutting down
2025/04/05 03:37:49 [notice] 34#34: gracefully shutting down
2025/04/05 03:37:49 [notice] 30#30: gracefully shutting down
2025/04/05 03:37:49 [notice] 33#33: gracefully shutting down
2025/04/05 03:37:49 [notice] 38#38: gracefully shutting down
2025/04/05 03:37:49 [notice] 39#39: gracefully shutting down
2025/04/05 03:37:49 [notice] 36#36: gracefully shutting down
2025/04/05 03:37:49 [notice] 31#31: gracefully shutting down
2025/04/05 03:37:49 [notice] 40#40: gracefully shutting down
2025/04/05 03:37:49 [notice] 41#41: gracefully shutting down
2025/04/05 03:37:49 [notice] 43#43: gracefully shutting down
2025/04/05 03:37:49 [notice] 37#37: gracefully shutting down
2025/04/05 03:37:49 [notice] 42#42: gracefully shutting down
2025/04/05 03:37:49 [notice] 45#45: gracefully shutting down
2025/04/05 03:37:49 [notice] 47#47: gracefully shutting down
2025/04/05 03:37:49 [notice] 45#45: exiting
2025/04/05 03:37:49 [notice] 46#46: gracefully shutting down
2025/04/05 03:37:49 [notice] 45#45: exit
2025/04/05 03:37:49 [notice] 32#32: exiting
2025/04/05 03:37:49 [notice] 44#44: exiting
2025/04/05 03:37:49 [notice] 28#28: exiting
2025/04/05 03:37:49 [notice] 35#35: exiting
2025/04/05 03:37:49 [notice] 29#29: exiting
2025/04/05 03:37:49 [notice] 34#34: exiting
2025/04/05 03:37:49 [notice] 30#30: exiting
2025/04/05 03:37:49 [notice] 33#33: exiting
2025/04/05 03:37:49 [notice] 38#38: exiting
2025/04/05 03:37:49 [notice] 39#39: exiting
2025/04/05 03:37:49 [notice] 36#36: exiting
2025/04/05 03:37:49 [notice] 31#31: exiting
2025/04/05 03:37:49 [notice] 40#40: exiting
2025/04/05 03:37:49 [notice] 41#41: exiting
2025/04/05 03:37:49 [notice] 43#43: exiting
2025/04/05 03:37:49 [notice] 37#37: exiting
2025/04/05 03:37:49 [notice] 42#42: exiting
2025/04/05 03:37:49 [notice] 47#47: exiting
2025/04/05 03:37:49 [notice] 46#46: exiting
2025/04/05 03:37:49 [notice] 32#32: exit
2025/04/05 03:37:49 [notice] 44#44: exit
2025/04/05 03:37:49 [notice] 28#28: exit
2025/04/05 03:37:49 [notice] 35#35: exit
2025/04/05 03:37:49 [notice] 29#29: exit
2025/04/05 03:37:49 [notice] 34#34: exit
2025/04/05 03:37:49 [notice] 30#30: exit
2025/04/05 03:37:49 [notice] 33#33: exit
2025/04/05 03:37:49 [notice] 38#38: exit
2025/04/05 03:37:49 [notice] 39#39: exit
2025/04/05 03:37:49 [notice] 36#36: exit
2025/04/05 03:37:49 [notice] 31#31: exit
2025/04/05 03:37:49 [notice] 40#40: exit
2025/04/05 03:37:49 [notice] 41#41: exit
2025/04/05 03:37:49 [notice] 43#43: exit
2025/04/05 03:37:49 [notice] 37#37: exit
2025/04/05 03:37:49 [notice] 42#42: exit
2025/04/05 03:37:49 [notice] 47#47: exit
2025/04/05 03:37:49 [notice] 46#46: exit
2025/04/05 03:37:49 [notice] 1#1: signal 17 (SIGCHLD) received from 29
2025/04/05 03:37:49 [notice] 1#1: worker process 28 exited with code 0
2025/04/05 03:37:49 [notice] 1#1: worker process 29 exited with code 0
2025/04/05 03:37:49 [notice] 1#1: worker process 31 exited with code 0
2025/04/05 03:37:49 [notice] 1#1: worker process 33 exited with code 0
2025/04/05 03:37:49 [notice] 1#1: worker process 36 exited with code 0
2025/04/05 03:37:49 [notice] 1#1: worker process 39 exited with code 0
2025/04/05 03:37:49 [notice] 1#1: worker process 40 exited with code 0
2025/04/05 03:37:49 [notice] 1#1: worker process 41 exited with code 0
2025/04/05 03:37:49 [notice] 1#1: worker process 42 exited with code 0
2025/04/05 03:37:49 [notice] 1#1: worker process 43 exited with code 0
2025/04/05 03:37:49 [notice] 1#1: worker process 44 exited with code 0
2025/04/05 03:37:49 [notice] 1#1: worker process 45 exited with code 0
2025/04/05 03:37:49 [notice] 1#1: worker process 46 exited with code 0
2025/04/05 03:37:49 [notice] 1#1: worker process 47 exited with code 0
2025/04/05 03:37:49 [notice] 1#1: signal 29 (SIGIO) received
2025/04/05 03:37:49 [notice] 1#1: signal 17 (SIGCHLD) received from 42
2025/04/05 03:37:49 [notice] 1#1: signal 17 (SIGCHLD) received from 35
2025/04/05 03:37:49 [notice] 1#1: worker process 34 exited with code 0
2025/04/05 03:37:49 [notice] 1#1: worker process 35 exited with code 0
2025/04/05 03:37:49 [notice] 1#1: signal 29 (SIGIO) received
2025/04/05 03:37:49 [notice] 1#1: signal 17 (SIGCHLD) received from 34
2025/04/05 03:37:49 [notice] 1#1: signal 17 (SIGCHLD) received from 37
2025/04/05 03:37:49 [notice] 1#1: worker process 37 exited with code 0
2025/04/05 03:37:49 [notice] 1#1: worker process 38 exited with code 0
2025/04/05 03:37:49 [notice] 1#1: signal 29 (SIGIO) received
2025/04/05 03:37:49 [notice] 1#1: signal 17 (SIGCHLD) received from 32
2025/04/05 03:37:49 [notice] 1#1: worker process 30 exited with code 0
2025/04/05 03:37:49 [notice] 1#1: worker process 32 exited with code 0
2025/04/05 03:37:49 [notice] 1#1: exit
2025/04/05 03:37:58 [notice] 1#1: using the "epoll" event method
2025/04/05 03:37:58 [notice] 1#1: nginx/1.27.4
2025/04/05 03:37:58 [notice] 1#1: built by gcc 12.2.0 (Debian 12.2.0-14) 
2025/04/05 03:37:58 [notice] 1#1: OS: Linux 5.15.167.4-microsoft-standard-WSL2
2025/04/05 03:37:58 [notice] 1#1: getrlimit(RLIMIT_NOFILE): 1048576:1048576
2025/04/05 03:37:58 [notice] 1#1: start worker processes
2025/04/05 03:37:58 [notice] 1#1: start worker process 28
2025/04/05 03:37:58 [notice] 1#1: start worker process 29
2025/04/05 03:37:58 [notice] 1#1: start worker process 30
2025/04/05 03:37:58 [notice] 1#1: start worker process 31
2025/04/05 03:37:58 [notice] 1#1: start worker process 32
2025/04/05 03:37:58 [notice] 1#1: start worker process 33
2025/04/05 03:37:58 [notice] 1#1: start worker process 34
2025/04/05 03:37:58 [notice] 1#1: start worker process 35
2025/04/05 03:37:58 [notice] 1#1: start worker process 36
2025/04/05 03:37:58 [notice] 1#1: start worker process 37
2025/04/05 03:37:58 [notice] 1#1: start worker process 38
2025/04/05 03:37:58 [notice] 1#1: start worker process 39
2025/04/05 03:37:58 [notice] 1#1: start worker process 40
2025/04/05 03:37:58 [notice] 1#1: start worker process 41
2025/04/05 03:37:58 [notice] 1#1: start worker process 42
2025/04/05 03:37:58 [notice] 1#1: start worker process 43
2025/04/05 03:37:58 [notice] 1#1: start worker process 44
2025/04/05 03:37:58 [notice] 1#1: start worker process 45
2025/04/05 03:37:58 [notice] 1#1: start worker process 46
2025/04/05 03:37:58 [notice] 1#1: start worker process 47
2025/04/05 03:43:53 [notice] 1#1: signal 3 (SIGQUIT) received, shutting down
2025/04/05 03:43:53 [notice] 29#29: gracefully shutting down
2025/04/05 03:43:53 [notice] 30#30: gracefully shutting down
2025/04/05 03:43:53 [notice] 28#28: gracefully shutting down
2025/04/05 03:43:53 [notice] 32#32: gracefully shutting down
2025/04/05 03:43:53 [notice] 31#31: gracefully shutting down
2025/04/05 03:43:53 [notice] 33#33: gracefully shutting down
2025/04/05 03:43:53 [notice] 35#35: gracefully shutting down
2025/04/05 03:43:53 [notice] 34#34: gracefully shutting down
2025/04/05 03:43:53 [notice] 37#37: gracefully shutting down
2025/04/05 03:43:53 [notice] 36#36: gracefully shutting down
2025/04/05 03:43:53 [notice] 38#38: gracefully shutting down
2025/04/05 03:43:53 [notice] 41#41: gracefully shutting down
2025/04/05 03:43:53 [notice] 40#40: gracefully shutting down
2025/04/05 03:43:53 [notice] 43#43: gracefully shutting down
2025/04/05 03:43:53 [notice] 39#39: gracefully shutting down
2025/04/05 03:43:53 [notice] 42#42: gracefully shutting down
2025/04/05 03:43:53 [notice] 45#45: gracefully shutting down
2025/04/05 03:43:53 [notice] 46#46: gracefully shutting down
2025/04/05 03:43:53 [notice] 44#44: gracefully shutting down
2025/04/05 03:43:53 [notice] 47#47: gracefully shutting down
2025/04/05 03:43:53 [notice] 29#29: exiting
2025/04/05 03:43:53 [notice] 30#30: exiting
2025/04/05 03:43:53 [notice] 28#28: exiting
2025/04/05 03:43:53 [notice] 32#32: exiting
2025/04/05 03:43:53 [notice] 31#31: exiting
2025/04/05 03:43:53 [notice] 33#33: exiting
2025/04/05 03:43:53 [notice] 35#35: exiting
2025/04/05 03:43:53 [notice] 34#34: exiting
2025/04/05 03:43:53 [notice] 37#37: exiting
2025/04/05 03:43:53 [notice] 34#34: exit
2025/04/05 03:43:53 [notice] 36#36: exiting
2025/04/05 03:43:53 [notice] 38#38: exiting
2025/04/05 03:43:53 [notice] 36#36: exit
2025/04/05 03:43:53 [notice] 41#41: exiting
2025/04/05 03:43:53 [notice] 40#40: exiting
2025/04/05 03:43:53 [notice] 43#43: exiting
2025/04/05 03:43:53 [notice] 39#39: exiting
2025/04/05 03:43:53 [notice] 42#42: exiting
2025/04/05 03:43:53 [notice] 45#45: exiting
2025/04/05 03:43:53 [notice] 46#46: exiting
2025/04/05 03:43:53 [notice] 44#44: exiting
2025/04/05 03:43:53 [notice] 47#47: exiting
2025/04/05 03:43:53 [notice] 29#29: exit
2025/04/05 03:43:53 [notice] 30#30: exit
2025/04/05 03:43:53 [notice] 28#28: exit
2025/04/05 03:43:53 [notice] 32#32: exit
2025/04/05 03:43:53 [notice] 31#31: exit
2025/04/05 03:43:53 [notice] 33#33: exit
2025/04/05 03:43:53 [notice] 35#35: exit
2025/04/05 03:43:53 [notice] 37#37: exit
2025/04/05 03:43:53 [notice] 38#38: exit
2025/04/05 03:43:53 [notice] 41#41: exit
2025/04/05 03:43:53 [notice] 40#40: exit
2025/04/05 03:43:53 [notice] 43#43: exit
2025/04/05 03:43:53 [notice] 39#39: exit
2025/04/05 03:43:53 [notice] 42#42: exit
2025/04/05 03:43:53 [notice] 45#45: exit
2025/04/05 03:43:53 [notice] 46#46: exit
2025/04/05 03:43:53 [notice] 44#44: exit
2025/04/05 03:43:53 [notice] 47#47: exit
2025/04/05 03:43:54 [notice] 1#1: signal 17 (SIGCHLD) received from 39
2025/04/05 03:43:54 [notice] 1#1: worker process 28 exited with code 0
2025/04/05 03:43:54 [notice] 1#1: worker process 34 exited with code 0
2025/04/05 03:43:54 [notice] 1#1: worker process 37 exited with code 0
2025/04/05 03:43:54 [notice] 1#1: worker process 39 exited with code 0
2025/04/05 03:43:54 [notice] 1#1: worker process 44 exited with code 0
2025/04/05 03:43:54 [notice] 1#1: signal 29 (SIGIO) received
2025/04/05 03:43:54 [notice] 1#1: signal 17 (SIGCHLD) received from 38
2025/04/05 03:43:54 [notice] 1#1: worker process 31 exited with code 0
2025/04/05 03:43:54 [notice] 1#1: worker process 35 exited with code 0
2025/04/05 03:43:54 [notice] 1#1: worker process 38 exited with code 0
2025/04/05 03:43:54 [notice] 1#1: worker process 42 exited with code 0
2025/04/05 03:43:54 [notice] 1#1: worker process 47 exited with code 0
2025/04/05 03:43:54 [notice] 1#1: signal 29 (SIGIO) received
2025/04/05 03:43:54 [notice] 1#1: signal 17 (SIGCHLD) received from 42
2025/04/05 03:43:54 [notice] 1#1: signal 17 (SIGCHLD) received from 32
2025/04/05 03:43:54 [notice] 1#1: worker process 32 exited with code 0
2025/04/05 03:43:54 [notice] 1#1: signal 29 (SIGIO) received
2025/04/05 03:43:54 [notice] 1#1: signal 17 (SIGCHLD) received from 40
2025/04/05 03:43:54 [notice] 1#1: worker process 29 exited with code 0
2025/04/05 03:43:54 [notice] 1#1: worker process 30 exited with code 0
2025/04/05 03:43:54 [notice] 1#1: worker process 33 exited with code 0
2025/04/05 03:43:54 [notice] 1#1: worker process 40 exited with code 0
2025/04/05 03:43:54 [notice] 1#1: worker process 41 exited with code 0
2025/04/05 03:43:54 [notice] 1#1: worker process 46 exited with code 0
2025/04/05 03:43:54 [notice] 1#1: signal 29 (SIGIO) received
2025/04/05 03:43:54 [notice] 1#1: signal 17 (SIGCHLD) received from 30
2025/04/05 03:43:54 [notice] 1#1: signal 17 (SIGCHLD) received from 45
2025/04/05 03:43:54 [notice] 1#1: worker process 45 exited with code 0
2025/04/05 03:43:54 [notice] 1#1: signal 29 (SIGIO) received
2025/04/05 03:43:54 [notice] 1#1: signal 17 (SIGCHLD) received from 36
2025/04/05 03:43:54 [notice] 1#1: worker process 36 exited with code 0
2025/04/05 03:43:54 [notice] 1#1: worker process 43 exited with code 0
2025/04/05 03:43:54 [notice] 1#1: exit
2025/04/05 03:44:03 [notice] 1#1: using the "epoll" event method
2025/04/05 03:44:03 [notice] 1#1: nginx/1.27.4
2025/04/05 03:44:03 [notice] 1#1: built by gcc 12.2.0 (Debian 12.2.0-14) 
2025/04/05 03:44:03 [notice] 1#1: OS: Linux 5.15.167.4-microsoft-standard-WSL2
2025/04/05 03:44:03 [notice] 1#1: getrlimit(RLIMIT_NOFILE): 1048576:1048576
2025/04/05 03:44:03 [notice] 1#1: start worker processes
2025/04/05 03:44:03 [notice] 1#1: start worker process 28
2025/04/05 03:44:03 [notice] 1#1: start worker process 29
2025/04/05 03:44:03 [notice] 1#1: start worker process 30
2025/04/05 03:44:03 [notice] 1#1: start worker process 31
2025/04/05 03:44:03 [notice] 1#1: start worker process 32
2025/04/05 03:44:03 [notice] 1#1: start worker process 33
2025/04/05 03:44:03 [notice] 1#1: start worker process 34
2025/04/05 03:44:03 [notice] 1#1: start worker process 35
2025/04/05 03:44:03 [notice] 1#1: start worker process 36
2025/04/05 03:44:03 [notice] 1#1: start worker process 37
2025/04/05 03:44:03 [notice] 1#1: start worker process 38
2025/04/05 03:44:03 [notice] 1#1: start worker process 39
2025/04/05 03:44:03 [notice] 1#1: start worker process 40
2025/04/05 03:44:03 [notice] 1#1: start worker process 41
2025/04/05 03:44:03 [notice] 1#1: start worker process 42
2025/04/05 03:44:03 [notice] 1#1: start worker process 43
2025/04/05 03:44:03 [notice] 1#1: start worker process 44
2025/04/05 03:44:03 [notice] 1#1: start worker process 45
2025/04/05 03:44:03 [notice] 1#1: start worker process 46
2025/04/05 03:44:03 [notice] 1#1: start worker process 47
2025/04/05 03:47:27 [notice] 1#1: signal 3 (SIGQUIT) received, shutting down
2025/04/05 03:47:27 [notice] 28#28: gracefully shutting down
2025/04/05 03:47:27 [notice] 39#39: gracefully shutting down
2025/04/05 03:47:27 [notice] 30#30: gracefully shutting down
2025/04/05 03:47:27 [notice] 29#29: gracefully shutting down
2025/04/05 03:47:27 [notice] 33#33: gracefully shutting down
2025/04/05 03:47:27 [notice] 31#31: gracefully shutting down
2025/04/05 03:47:27 [notice] 36#36: gracefully shutting down
2025/04/05 03:47:27 [notice] 37#37: gracefully shutting down
2025/04/05 03:47:27 [notice] 38#38: gracefully shutting down
2025/04/05 03:47:27 [notice] 32#32: gracefully shutting down
2025/04/05 03:47:27 [notice] 35#35: gracefully shutting down
2025/04/05 03:47:27 [notice] 34#34: gracefully shutting down
2025/04/05 03:47:27 [notice] 41#41: gracefully shutting down
2025/04/05 03:47:27 [notice] 42#42: gracefully shutting down
2025/04/05 03:47:27 [notice] 43#43: gracefully shutting down
2025/04/05 03:47:27 [notice] 45#45: gracefully shutting down
2025/04/05 03:47:27 [notice] 40#40: gracefully shutting down
2025/04/05 03:47:27 [notice] 46#46: gracefully shutting down
2025/04/05 03:47:27 [notice] 44#44: gracefully shutting down
2025/04/05 03:47:27 [notice] 28#28: exiting
2025/04/05 03:47:27 [notice] 47#47: gracefully shutting down
2025/04/05 03:47:27 [notice] 39#39: exiting
2025/04/05 03:47:27 [notice] 30#30: exiting
2025/04/05 03:47:27 [notice] 29#29: exiting
2025/04/05 03:47:27 [notice] 33#33: exiting
2025/04/05 03:47:27 [notice] 31#31: exiting
2025/04/05 03:47:27 [notice] 36#36: exiting
2025/04/05 03:47:27 [notice] 37#37: exiting
2025/04/05 03:47:27 [notice] 38#38: exiting
2025/04/05 03:47:27 [notice] 32#32: exiting
2025/04/05 03:47:27 [notice] 35#35: exiting
2025/04/05 03:47:27 [notice] 34#34: exiting
2025/04/05 03:47:27 [notice] 41#41: exiting
2025/04/05 03:47:27 [notice] 42#42: exiting
2025/04/05 03:47:27 [notice] 43#43: exiting
2025/04/05 03:47:27 [notice] 45#45: exiting
2025/04/05 03:47:27 [notice] 40#40: exiting
2025/04/05 03:47:27 [notice] 46#46: exiting
2025/04/05 03:47:27 [notice] 44#44: exiting
2025/04/05 03:47:27 [notice] 28#28: exit
2025/04/05 03:47:27 [notice] 47#47: exiting
2025/04/05 03:47:27 [notice] 39#39: exit
2025/04/05 03:47:27 [notice] 30#30: exit
2025/04/05 03:47:27 [notice] 29#29: exit
2025/04/05 03:47:27 [notice] 33#33: exit
2025/04/05 03:47:27 [notice] 31#31: exit
2025/04/05 03:47:27 [notice] 36#36: exit
2025/04/05 03:47:27 [notice] 37#37: exit
2025/04/05 03:47:27 [notice] 38#38: exit
2025/04/05 03:47:27 [notice] 32#32: exit
2025/04/05 03:47:27 [notice] 35#35: exit
2025/04/05 03:47:27 [notice] 34#34: exit
2025/04/05 03:47:27 [notice] 41#41: exit
2025/04/05 03:47:27 [notice] 42#42: exit
2025/04/05 03:47:27 [notice] 43#43: exit
2025/04/05 03:47:27 [notice] 45#45: exit
2025/04/05 03:47:27 [notice] 40#40: exit
2025/04/05 03:47:27 [notice] 46#46: exit
2025/04/05 03:47:27 [notice] 44#44: exit
2025/04/05 03:47:27 [notice] 47#47: exit
2025/04/05 03:47:27 [notice] 1#1: signal 17 (SIGCHLD) received from 37
2025/04/05 03:47:27 [notice] 1#1: worker process 34 exited with code 0
2025/04/05 03:47:27 [notice] 1#1: worker process 37 exited with code 0
2025/04/05 03:47:27 [notice] 1#1: worker process 41 exited with code 0
2025/04/05 03:47:27 [notice] 1#1: worker process 46 exited with code 0
2025/04/05 03:47:27 [notice] 1#1: signal 29 (SIGIO) received
2025/04/05 03:47:27 [notice] 1#1: signal 17 (SIGCHLD) received from 45
2025/04/05 03:47:27 [notice] 1#1: worker process 28 exited with code 0
2025/04/05 03:47:27 [notice] 1#1: worker process 30 exited with code 0
2025/04/05 03:47:27 [notice] 1#1: worker process 31 exited with code 0
2025/04/05 03:47:27 [notice] 1#1: worker process 32 exited with code 0
2025/04/05 03:47:27 [notice] 1#1: worker process 35 exited with code 0
2025/04/05 03:47:27 [notice] 1#1: worker process 36 exited with code 0
2025/04/05 03:47:27 [notice] 1#1: worker process 38 exited with code 0
2025/04/05 03:47:27 [notice] 1#1: worker process 39 exited with code 0
2025/04/05 03:47:27 [notice] 1#1: worker process 40 exited with code 0
2025/04/05 03:47:27 [notice] 1#1: worker process 43 exited with code 0
2025/04/05 03:47:27 [notice] 1#1: worker process 44 exited with code 0
2025/04/05 03:47:27 [notice] 1#1: worker process 45 exited with code 0
2025/04/05 03:47:27 [notice] 1#1: worker process 47 exited with code 0
2025/04/05 03:47:27 [notice] 1#1: signal 29 (SIGIO) received
2025/04/05 03:47:27 [notice] 1#1: signal 17 (SIGCHLD) received from 30
2025/04/05 03:47:27 [notice] 1#1: signal 17 (SIGCHLD) received from 42
2025/04/05 03:47:27 [notice] 1#1: worker process 29 exited with code 0
2025/04/05 03:47:27 [notice] 1#1: worker process 42 exited with code 0
2025/04/05 03:47:27 [notice] 1#1: signal 29 (SIGIO) received
2025/04/05 03:47:27 [notice] 1#1: signal 17 (SIGCHLD) received from 33
2025/04/05 03:47:27 [notice] 1#1: worker process 33 exited with code 0
2025/04/05 03:47:27 [notice] 1#1: exit
2025/04/05 03:47:34 [notice] 1#1: using the "epoll" event method
2025/04/05 03:47:34 [notice] 1#1: nginx/1.27.4
2025/04/05 03:47:34 [notice] 1#1: built by gcc 12.2.0 (Debian 12.2.0-14) 
2025/04/05 03:47:34 [notice] 1#1: OS: Linux 5.15.167.4-microsoft-standard-WSL2
2025/04/05 03:47:34 [notice] 1#1: getrlimit(RLIMIT_NOFILE): 1048576:1048576
2025/04/05 03:47:34 [notice] 1#1: start worker processes
2025/04/05 03:47:34 [notice] 1#1: start worker process 28
2025/04/05 03:47:34 [notice] 1#1: start worker process 29
2025/04/05 03:47:34 [notice] 1#1: start worker process 30
2025/04/05 03:47:34 [notice] 1#1: start worker process 31
2025/04/05 03:47:34 [notice] 1#1: start worker process 32
2025/04/05 03:47:34 [notice] 1#1: start worker process 33
2025/04/05 03:47:34 [notice] 1#1: start worker process 34
2025/04/05 03:47:34 [notice] 1#1: start worker process 35
2025/04/05 03:47:34 [notice] 1#1: start worker process 36
2025/04/05 03:47:34 [notice] 1#1: start worker process 37
2025/04/05 03:47:34 [notice] 1#1: start worker process 38
2025/04/05 03:47:34 [notice] 1#1: start worker process 39
2025/04/05 03:47:34 [notice] 1#1: start worker process 40
2025/04/05 03:47:34 [notice] 1#1: start worker process 41
2025/04/05 03:47:34 [notice] 1#1: start worker process 42
2025/04/05 03:47:34 [notice] 1#1: start worker process 43
2025/04/05 03:47:34 [notice] 1#1: start worker process 44
2025/04/05 03:47:34 [notice] 1#1: start worker process 45
2025/04/05 03:47:34 [notice] 1#1: start worker process 46
2025/04/05 03:47:34 [notice] 1#1: start worker process 47
2025/04/05 03:49:55 [notice] 1#1: signal 3 (SIGQUIT) received, shutting down
2025/04/05 03:49:55 [notice] 29#29: gracefully shutting down
2025/04/05 03:49:55 [notice] 46#46: gracefully shutting down
2025/04/05 03:49:55 [notice] 30#30: gracefully shutting down
2025/04/05 03:49:55 [notice] 28#28: gracefully shutting down
2025/04/05 03:49:55 [notice] 31#31: gracefully shutting down
2025/04/05 03:49:55 [notice] 28#28: exiting
2025/04/05 03:49:55 [notice] 32#32: gracefully shutting down
2025/04/05 03:49:55 [notice] 34#34: gracefully shutting down
2025/04/05 03:49:55 [notice] 33#33: gracefully shutting down
2025/04/05 03:49:55 [notice] 36#36: gracefully shutting down
2025/04/05 03:49:55 [notice] 35#35: gracefully shutting down
2025/04/05 03:49:55 [notice] 37#37: gracefully shutting down
2025/04/05 03:49:55 [notice] 38#38: gracefully shutting down
2025/04/05 03:49:55 [notice] 39#39: gracefully shutting down
2025/04/05 03:49:55 [notice] 40#40: gracefully shutting down
2025/04/05 03:49:55 [notice] 42#42: gracefully shutting down
2025/04/05 03:49:55 [notice] 44#44: gracefully shutting down
2025/04/05 03:49:55 [notice] 41#41: gracefully shutting down
2025/04/05 03:49:55 [notice] 45#45: gracefully shutting down
2025/04/05 03:49:55 [notice] 43#43: gracefully shutting down
2025/04/05 03:49:55 [notice] 47#47: gracefully shutting down
2025/04/05 03:49:55 [notice] 46#46: exiting
2025/04/05 03:49:55 [notice] 30#30: exiting
2025/04/05 03:49:55 [notice] 31#31: exiting
2025/04/05 03:49:55 [notice] 28#28: exit
2025/04/05 03:49:55 [notice] 32#32: exiting
2025/04/05 03:49:55 [notice] 34#34: exiting
2025/04/05 03:49:55 [notice] 33#33: exiting
2025/04/05 03:49:55 [notice] 36#36: exiting
2025/04/05 03:49:55 [notice] 35#35: exiting
2025/04/05 03:49:55 [notice] 37#37: exiting
2025/04/05 03:49:55 [notice] 38#38: exiting
2025/04/05 03:49:55 [notice] 39#39: exiting
2025/04/05 03:49:55 [notice] 40#40: exiting
2025/04/05 03:49:55 [notice] 42#42: exiting
2025/04/05 03:49:55 [notice] 44#44: exiting
2025/04/05 03:49:55 [notice] 41#41: exiting
2025/04/05 03:49:55 [notice] 45#45: exiting
2025/04/05 03:49:55 [notice] 43#43: exiting
2025/04/05 03:49:55 [notice] 47#47: exiting
2025/04/05 03:49:55 [notice] 46#46: exit
2025/04/05 03:49:55 [notice] 30#30: exit
2025/04/05 03:49:55 [notice] 31#31: exit
2025/04/05 03:49:55 [notice] 32#32: exit
2025/04/05 03:49:55 [notice] 34#34: exit
2025/04/05 03:49:55 [notice] 33#33: exit
2025/04/05 03:49:55 [notice] 36#36: exit
2025/04/05 03:49:55 [notice] 35#35: exit
2025/04/05 03:49:55 [notice] 37#37: exit
2025/04/05 03:49:55 [notice] 38#38: exit
2025/04/05 03:49:55 [notice] 39#39: exit
2025/04/05 03:49:55 [notice] 40#40: exit
2025/04/05 03:49:55 [notice] 42#42: exit
2025/04/05 03:49:55 [notice] 44#44: exit
2025/04/05 03:49:55 [notice] 41#41: exit
2025/04/05 03:49:55 [notice] 45#45: exit
2025/04/05 03:49:55 [notice] 43#43: exit
2025/04/05 03:49:55 [notice] 47#47: exit
2025/04/05 03:49:55 [notice] 1#1: signal 17 (SIGCHLD) received from 42
2025/04/05 03:49:55 [notice] 1#1: worker process 30 exited with code 0
2025/04/05 03:49:55 [notice] 1#1: worker process 32 exited with code 0
2025/04/05 03:49:55 [notice] 1#1: worker process 33 exited with code 0
2025/04/05 03:49:55 [notice] 1#1: worker process 34 exited with code 0
2025/04/05 03:49:55 [notice] 1#1: worker process 35 exited with code 0
2025/04/05 03:49:55 [notice] 1#1: worker process 36 exited with code 0
2025/04/05 03:49:55 [notice] 1#1: worker process 38 exited with code 0
2025/04/05 03:49:55 [notice] 1#1: worker process 39 exited with code 0
2025/04/05 03:49:55 [notice] 1#1: worker process 40 exited with code 0
2025/04/05 03:49:55 [notice] 1#1: worker process 41 exited with code 0
2025/04/05 03:49:55 [notice] 1#1: worker process 42 exited with code 0
2025/04/05 03:49:55 [notice] 1#1: worker process 46 exited with code 0
2025/04/05 03:49:55 [notice] 1#1: signal 29 (SIGIO) received
2025/04/05 03:49:55 [notice] 1#1: signal 17 (SIGCHLD) received from 46
2025/04/05 03:49:55 [notice] 1#1: signal 17 (SIGCHLD) received from 45
2025/04/05 03:49:55 [notice] 1#1: worker process 28 exited with code 0
2025/04/05 03:49:55 [notice] 1#1: worker process 31 exited with code 0
2025/04/05 03:49:55 [notice] 1#1: worker process 37 exited with code 0
2025/04/05 03:49:55 [notice] 1#1: worker process 43 exited with code 0
2025/04/05 03:49:55 [notice] 1#1: worker process 44 exited with code 0
2025/04/05 03:49:55 [notice] 1#1: worker process 45 exited with code 0
2025/04/05 03:49:55 [notice] 1#1: worker process 47 exited with code 0
2025/04/05 03:49:55 [notice] 1#1: signal 29 (SIGIO) received
2025/04/05 03:49:55 [notice] 1#1: signal 17 (SIGCHLD) received from 44
2025/04/05 03:50:10 [notice] 1#1: using the "epoll" event method
2025/04/05 03:50:10 [notice] 1#1: nginx/1.27.4
2025/04/05 03:50:10 [notice] 1#1: built by gcc 12.2.0 (Debian 12.2.0-14) 
2025/04/05 03:50:10 [notice] 1#1: OS: Linux 5.15.167.4-microsoft-standard-WSL2
2025/04/05 03:50:10 [notice] 1#1: getrlimit(RLIMIT_NOFILE): 1048576:1048576
2025/04/05 03:50:10 [notice] 1#1: start worker processes
2025/04/05 03:50:10 [notice] 1#1: start worker process 28
2025/04/05 03:50:10 [notice] 1#1: start worker process 29
2025/04/05 03:50:10 [notice] 1#1: start worker process 30
2025/04/05 03:50:10 [notice] 1#1: start worker process 31
2025/04/05 03:50:10 [notice] 1#1: start worker process 32
2025/04/05 03:50:10 [notice] 1#1: start worker process 33
2025/04/05 03:50:10 [notice] 1#1: start worker process 34
2025/04/05 03:50:10 [notice] 1#1: start worker process 35
2025/04/05 03:50:10 [notice] 1#1: start worker process 36
2025/04/05 03:50:10 [notice] 1#1: start worker process 37
2025/04/05 03:50:10 [notice] 1#1: start worker process 38
2025/04/05 03:50:10 [notice] 1#1: start worker process 39
2025/04/05 03:50:10 [notice] 1#1: start worker process 40
2025/04/05 03:50:10 [notice] 1#1: start worker process 41
2025/04/05 03:50:10 [notice] 1#1: start worker process 42
2025/04/05 03:50:10 [notice] 1#1: start worker process 43
2025/04/05 03:50:10 [notice] 1#1: start worker process 44
2025/04/05 03:50:10 [notice] 1#1: start worker process 45
2025/04/05 03:50:10 [notice] 1#1: start worker process 46
2025/04/05 03:50:10 [notice] 1#1: start worker process 47
2025/04/05 03:56:35 [notice] 1#1: signal 3 (SIGQUIT) received, shutting down
2025/04/05 03:56:35 [notice] 28#28: gracefully shutting down
2025/04/05 03:56:35 [notice] 30#30: gracefully shutting down
2025/04/05 03:56:35 [notice] 46#46: gracefully shutting down
2025/04/05 03:56:35 [notice] 29#29: gracefully shutting down
2025/04/05 03:56:35 [notice] 31#31: gracefully shutting down
2025/04/05 03:56:35 [notice] 32#32: gracefully shutting down
2025/04/05 03:56:35 [notice] 28#28: exiting
2025/04/05 03:56:35 [notice] 33#33: gracefully shutting down
2025/04/05 03:56:35 [notice] 36#36: gracefully shutting down
2025/04/05 03:56:35 [notice] 35#35: gracefully shutting down
2025/04/05 03:56:35 [notice] 34#34: gracefully shutting down
2025/04/05 03:56:35 [notice] 39#39: gracefully shutting down
2025/04/05 03:56:35 [notice] 38#38: gracefully shutting down
2025/04/05 03:56:35 [notice] 41#41: gracefully shutting down
2025/04/05 03:56:35 [notice] 43#43: gracefully shutting down
2025/04/05 03:56:35 [notice] 37#37: gracefully shutting down
2025/04/05 03:56:35 [notice] 42#42: gracefully shutting down
2025/04/05 03:56:35 [notice] 45#45: gracefully shutting down
2025/04/05 03:56:35 [notice] 47#47: gracefully shutting down
2025/04/05 03:56:35 [notice] 44#44: gracefully shutting down
2025/04/05 03:56:35 [notice] 40#40: gracefully shutting down
2025/04/05 03:56:35 [notice] 30#30: exiting
2025/04/05 03:56:35 [notice] 46#46: exiting
2025/04/05 03:56:35 [notice] 29#29: exiting
2025/04/05 03:56:35 [notice] 31#31: exiting
2025/04/05 03:56:35 [notice] 32#32: exiting
2025/04/05 03:56:35 [notice] 28#28: exit
2025/04/05 03:56:35 [notice] 33#33: exiting
2025/04/05 03:56:35 [notice] 36#36: exiting
2025/04/05 03:56:35 [notice] 35#35: exiting
2025/04/05 03:56:35 [notice] 34#34: exiting
2025/04/05 03:56:35 [notice] 39#39: exiting
2025/04/05 03:56:35 [notice] 38#38: exiting
2025/04/05 03:56:35 [notice] 41#41: exiting
2025/04/05 03:56:35 [notice] 43#43: exiting
2025/04/05 03:56:35 [notice] 37#37: exiting
2025/04/05 03:56:35 [notice] 42#42: exiting
2025/04/05 03:56:35 [notice] 45#45: exiting
2025/04/05 03:56:35 [notice] 47#47: exiting
2025/04/05 03:56:35 [notice] 44#44: exiting
2025/04/05 03:56:35 [notice] 40#40: exiting
2025/04/05 03:56:35 [notice] 30#30: exit
2025/04/05 03:56:35 [notice] 46#46: exit
2025/04/05 03:56:35 [notice] 29#29: exit
2025/04/05 03:56:35 [notice] 31#31: exit
2025/04/05 03:56:35 [notice] 32#32: exit
2025/04/05 03:56:35 [notice] 33#33: exit
2025/04/05 03:56:35 [notice] 36#36: exit
2025/04/05 03:56:35 [notice] 35#35: exit
2025/04/05 03:56:35 [notice] 34#34: exit
2025/04/05 03:56:35 [notice] 39#39: exit
2025/04/05 03:56:35 [notice] 38#38: exit
2025/04/05 03:56:35 [notice] 41#41: exit
2025/04/05 03:56:35 [notice] 43#43: exit
2025/04/05 03:56:35 [notice] 37#37: exit
2025/04/05 03:56:35 [notice] 42#42: exit
2025/04/05 03:56:35 [notice] 45#45: exit
2025/04/05 03:56:35 [notice] 47#47: exit
2025/04/05 03:56:35 [notice] 44#44: exit
2025/04/05 03:56:35 [notice] 40#40: exit
2025/04/05 03:56:35 [notice] 1#1: signal 17 (SIGCHLD) received from 31
2025/04/05 03:56:35 [notice] 1#1: worker process 28 exited with code 0
2025/04/05 03:56:35 [notice] 1#1: worker process 29 exited with code 0
2025/04/05 03:56:35 [notice] 1#1: worker process 30 exited with code 0
2025/04/05 03:56:35 [notice] 1#1: worker process 31 exited with code 0
2025/04/05 03:56:35 [notice] 1#1: worker process 33 exited with code 0
2025/04/05 03:56:35 [notice] 1#1: worker process 34 exited with code 0
2025/04/05 03:56:35 [notice] 1#1: worker process 35 exited with code 0
2025/04/05 03:56:35 [notice] 1#1: worker process 37 exited with code 0
2025/04/05 03:56:35 [notice] 1#1: worker process 39 exited with code 0
2025/04/05 03:56:35 [notice] 1#1: worker process 46 exited with code 0
2025/04/05 03:56:35 [notice] 1#1: worker process 47 exited with code 0
2025/04/05 03:56:35 [notice] 1#1: signal 29 (SIGIO) received
2025/04/05 03:56:35 [notice] 1#1: signal 17 (SIGCHLD) received from 34
2025/04/05 03:56:35 [notice] 1#1: signal 17 (SIGCHLD) received from 38
2025/04/05 03:56:35 [notice] 1#1: worker process 38 exited with code 0
2025/04/05 03:56:35 [notice] 1#1: worker process 45 exited with code 0
2025/04/05 03:56:35 [notice] 1#1: signal 29 (SIGIO) received
2025/04/05 03:56:35 [notice] 1#1: signal 17 (SIGCHLD) received from 43
2025/04/05 03:56:35 [notice] 1#1: worker process 32 exited with code 0
2025/04/05 03:56:35 [notice] 1#1: worker process 36 exited with code 0
2025/04/05 03:56:35 [notice] 1#1: worker process 40 exited with code 0
2025/04/05 03:56:35 [notice] 1#1: worker process 41 exited with code 0
2025/04/05 03:56:35 [notice] 1#1: worker process 43 exited with code 0
2025/04/05 03:56:35 [notice] 1#1: worker process 44 exited with code 0
2025/04/05 03:56:35 [notice] 1#1: signal 29 (SIGIO) received
2025/04/05 03:56:35 [notice] 1#1: signal 17 (SIGCHLD) received from 41
2025/04/05 03:56:35 [notice] 1#1: signal 17 (SIGCHLD) received from 42
2025/04/05 03:56:35 [notice] 1#1: worker process 42 exited with code 0
2025/04/05 03:56:35 [notice] 1#1: exit
2025/04/05 03:56:49 [emerg] 1#1: host not found in syslog server "graylog:5140" in /etc/nginx/conf.d/default.conf:30
2025/04/05 04:02:10 [notice] 1#1: using the "epoll" event method
2025/04/05 04:02:10 [notice] 1#1: nginx/1.27.4
2025/04/05 04:02:10 [notice] 1#1: built by gcc 12.2.0 (Debian 12.2.0-14) 
2025/04/05 04:02:10 [notice] 1#1: OS: Linux 5.15.167.4-microsoft-standard-WSL2
2025/04/05 04:02:10 [notice] 1#1: getrlimit(RLIMIT_NOFILE): 1048576:1048576
2025/04/05 04:02:10 [notice] 1#1: start worker processes
